<testsuites id="" name="" tests="4" failures="0" skipped="1" errors="0" time="94.56375799999999">
<testsuite name="main.spec.ts" timestamp="2025-07-11T04:50:57.736Z" hostname="" tests="4" failures="0" skipped="1" time="91.97" errors="0">
<testcase name="Full Flow Suite › TC01 - Launch Chrome extension and use popup" classname="main.spec.ts" time="0">
<properties>
<property name="skip" value="">
</property>
</properties>
<skipped>
</skipped>
</testcase>
<testcase name="Full Flow Suite › TC02 - Verify Home Page" classname="main.spec.ts" time="19.954">
<system-out>
<![CDATA[ Starting login process...
 Entering email...
 Entering password...
 Clicking on login button...
 Waiting for login to complete...
 Login flow finished.
 Verifying heading text...
 Scrolling to bottom of the page...
 Reached bottom of the page.
]]>
</system-out>
</testcase>
<testcase name="Full Flow Suite › TC03 - Use My Transcription Page" classname="main.spec.ts" time="22.368">
<system-out>
<![CDATA[ Starting login process...
 Entering email...
 Entering password...
 Clicking on login button...
 Waiting for login to complete...
 Login flow finished.
 Clicking on 'My Transcription' menu...
Navigating to folder management...
 Clicking on 'Create Folder' button...
 Trying to create folder: "automationfolder"
Duplicate folder found. Renaming to: "auto_20250711095130"
 Renaming folder to: "renamed_20250711095131"
Deleting the folder...
Folder deleted.
 Bookmarking a transcription...
 Verified in bookmark tab. Returning to all transcriptions...
]]>
</system-out>
</testcase>
<testcase name="Full Flow Suite › TC04 - Use Transcription Feature" classname="main.spec.ts" time="49.648">
<system-out>
<![CDATA[ Starting login process...
 Entering email...
 Entering password...
 Clicking on login button...
 Waiting for login to complete...
 Login flow finished.
 Navigating to My Transcription section...
 Selecting test transcription...
 Clicking on a timestamp/description...
 Opening Language dropdown...
Waiting for and selecting French language...
 Waiting for French translation to complete...
 Translation complete. Clicking Generate button...
 Selecting Note/Memo generation...
 Generating presentation...
 Selecting Presentation option...
 Transcription flow completed successfully.
]]>
</system-out>
</testcase>
</testsuite>
</testsuites>